2023-12-31 23:45:35 WARN  FileSystemFontProvider:651 - 2 new fonts found, font cache will be re-built
2023-12-31 23:45:35 WARN  FileSystemFontProvider:366 - Building on-disk font cache, this may take a while
2023-12-31 23:45:37 ERROR GlyphSubstitutionTable:325 - The expected SubstFormat for ExtensionSubstFormat1 subtable is 7 but should be 1
2023-12-31 23:45:37 ERROR GlyphSubstitutionTable:325 - The expected SubstFormat for ExtensionSubstFormat1 subtable is 7 but should be 1
2023-12-31 23:45:37 ERROR GlyphSubstitutionTable:325 - The expected SubstFormat for ExtensionSubstFormat1 subtable is 7 but should be 1
2023-12-31 23:45:37 ERROR GlyphSubstitutionTable:325 - The expected SubstFormat for ExtensionSubstFormat1 subtable is 7 but should be 1
2023-12-31 23:45:37 WARN  FileSystemFontProvider:698 - Could not load font file: /System/Library/Fonts/LastResort.otf
java.io.IOException: Invalid character code 0xD800
	at org.apache.fontbox.ttf.CmapSubtable.processSubtype13(CmapSubtable.java:320)
	at org.apache.fontbox.ttf.CmapSubtable.initSubtable(CmapSubtable.java:113)
	at org.apache.fontbox.ttf.CmapTable.read(CmapTable.java:87)
	at org.apache.fontbox.ttf.TrueTypeFont.readTable(TrueTypeFont.java:365)
	at org.apache.fontbox.ttf.TTFParser.parseTables(TTFParser.java:165)
	at org.apache.fontbox.ttf.TTFParser.parse(TTFParser.java:144)
	at org.apache.fontbox.ttf.OTFParser.parse(OTFParser.java:56)
	at org.apache.fontbox.ttf.OTFParser.parse(OTFParser.java:27)
	at org.apache.fontbox.ttf.TTFParser.parse(TTFParser.java:66)
	at org.apache.fontbox.ttf.OTFParser.parse(OTFParser.java:50)
	at org.apache.pdfbox.pdmodel.font.FileSystemFontProvider.addTrueTypeFont(FileSystemFontProvider.java:685)
	at org.apache.pdfbox.pdmodel.font.FileSystemFontProvider.scanFonts(FileSystemFontProvider.java:392)
	at org.apache.pdfbox.pdmodel.font.FileSystemFontProvider.<init>(FileSystemFontProvider.java:367)
	at org.apache.pdfbox.pdmodel.font.FontMapperImpl$DefaultFontProvider.<clinit>(FontMapperImpl.java:139)
	at org.apache.pdfbox.pdmodel.font.FontMapperImpl.getProvider(FontMapperImpl.java:158)
	at org.apache.pdfbox.pdmodel.font.FontMapperImpl.findFont(FontMapperImpl.java:416)
	at org.apache.pdfbox.pdmodel.font.FontMapperImpl.findFontBoxFont(FontMapperImpl.java:379)
	at org.apache.pdfbox.pdmodel.font.FontMapperImpl.getFontBoxFont(FontMapperImpl.java:353)
	at org.apache.pdfbox.pdmodel.font.PDType1Font.<init>(PDType1Font.java:127)
	at edu.najah.cap.Export.PdfExporter.exportDataToPdf(PdfExporter.java:20)
	at edu.najah.cap.Export.UserProfileExporter.exportData(UserProfileExporter.java:26)
	at edu.najah.cap.Export.ExportService.exportData(ExportService.java:25)
	at edu.najah.cap.UserType.NewIUser.exportUserData(NewIUser.java:11)
	at edu.najah.cap.menu.SwitchMenu.menu(SwitchMenu.java:35)
	at edu.najah.cap.data.Application.main(Application.java:50)
2023-12-31 23:45:37 WARN  FileSystemFontProvider:669 - Could not load font file: /System/Library/Fonts/NotoSerifMyanmar.ttc
java.io.EOFException
	at org.apache.fontbox.ttf.TTFDataStream.readUnsignedShort(TTFDataStream.java:154)
	at org.apache.fontbox.ttf.TTFDataStream.readUnsignedShortArray(TTFDataStream.java:188)
	at org.apache.fontbox.ttf.GlyphSubstitutionTable.readMultipleSubstitutionSubtable(GlyphSubstitutionTable.java:412)
	at org.apache.fontbox.ttf.GlyphSubstitutionTable.readLookupSubtable(GlyphSubstitutionTable.java:263)
	at org.apache.fontbox.ttf.GlyphSubstitutionTable.readLookupTable(GlyphSubstitutionTable.java:313)
	at org.apache.fontbox.ttf.GlyphSubstitutionTable.readLookupList(GlyphSubstitutionTable.java:247)
	at org.apache.fontbox.ttf.GlyphSubstitutionTable.read(GlyphSubstitutionTable.java:102)
	at org.apache.fontbox.ttf.TrueTypeFont.readTable(TrueTypeFont.java:365)
	at org.apache.fontbox.ttf.TTFParser.parseTables(TTFParser.java:165)
	at org.apache.fontbox.ttf.TTFParser.parse(TTFParser.java:144)
	at org.apache.fontbox.ttf.TrueTypeCollection.getFontAtIndex(TrueTypeCollection.java:127)
	at org.apache.fontbox.ttf.TrueTypeCollection.processAllFonts(TrueTypeCollection.java:109)
	at org.apache.pdfbox.pdmodel.font.FileSystemFontProvider.addTrueTypeCollection(FileSystemFontProvider.java:665)
	at org.apache.pdfbox.pdmodel.font.FileSystemFontProvider.scanFonts(FileSystemFontProvider.java:396)
	at org.apache.pdfbox.pdmodel.font.FileSystemFontProvider.<init>(FileSystemFontProvider.java:367)
	at org.apache.pdfbox.pdmodel.font.FontMapperImpl$DefaultFontProvider.<clinit>(FontMapperImpl.java:139)
	at org.apache.pdfbox.pdmodel.font.FontMapperImpl.getProvider(FontMapperImpl.java:158)
	at org.apache.pdfbox.pdmodel.font.FontMapperImpl.findFont(FontMapperImpl.java:416)
	at org.apache.pdfbox.pdmodel.font.FontMapperImpl.findFontBoxFont(FontMapperImpl.java:379)
	at org.apache.pdfbox.pdmodel.font.FontMapperImpl.getFontBoxFont(FontMapperImpl.java:353)
	at org.apache.pdfbox.pdmodel.font.PDType1Font.<init>(PDType1Font.java:127)
	at edu.najah.cap.Export.PdfExporter.exportDataToPdf(PdfExporter.java:20)
	at edu.najah.cap.Export.UserProfileExporter.exportData(UserProfileExporter.java:26)
	at edu.najah.cap.Export.ExportService.exportData(ExportService.java:25)
	at edu.najah.cap.UserType.NewIUser.exportUserData(NewIUser.java:11)
	at edu.najah.cap.menu.SwitchMenu.menu(SwitchMenu.java:35)
	at edu.najah.cap.data.Application.main(Application.java:50)
2023-12-31 23:45:37 WARN  CmapSubtable:358 - Format 14 cmap table is not supported and will be ignored
2023-12-31 23:45:37 WARN  CmapSubtable:358 - Format 14 cmap table is not supported and will be ignored
2023-12-31 23:45:37 ERROR GlyphSubstitutionTable:325 - The expected SubstFormat for ExtensionSubstFormat1 subtable is 7 but should be 1
2023-12-31 23:45:37 WARN  CmapSubtable:358 - Format 14 cmap table is not supported and will be ignored
2023-12-31 23:45:41 WARN  CmapSubtable:358 - Format 14 cmap table is not supported and will be ignored
2023-12-31 23:45:41 WARN  CmapSubtable:358 - Format 14 cmap table is not supported and will be ignored
2023-12-31 23:45:42 WARN  CmapSubtable:358 - Format 14 cmap table is not supported and will be ignored
2023-12-31 23:45:42 ERROR GlyphSubstitutionTable:325 - The expected SubstFormat for ExtensionSubstFormat1 subtable is 4 but should be 1
2023-12-31 23:45:42 ERROR GlyphSubstitutionTable:325 - The expected SubstFormat for ExtensionSubstFormat1 subtable is 0 but should be 1
2023-12-31 23:45:42 WARN  CmapSubtable:358 - Format 14 cmap table is not supported and will be ignored
2023-12-31 23:45:42 ERROR GlyphSubstitutionTable:325 - The expected SubstFormat for ExtensionSubstFormat1 subtable is 4 but should be 1
2023-12-31 23:45:42 ERROR GlyphSubstitutionTable:325 - The expected SubstFormat for ExtensionSubstFormat1 subtable is 0 but should be 1
2023-12-31 23:45:42 WARN  GlyphSubstitutionTable:372 - Unknown substFormat: 0
2023-12-31 23:45:42 WARN  GlyphSubstitutionTable:372 - Unknown substFormat: 0
2023-12-31 23:45:42 WARN  FileSystemFontProvider:698 - Could not load font file: /System/Library/Fonts/Supplemental/NotoSansOsage-Regular.ttf
java.io.EOFException
	at org.apache.fontbox.ttf.TTFDataStream.readUnsignedShort(TTFDataStream.java:154)
	at org.apache.fontbox.ttf.GlyphSubstitutionTable.readSingleLookupSubTable(GlyphSubstitutionTable.java:345)
	at org.apache.fontbox.ttf.GlyphSubstitutionTable.readLookupSubtable(GlyphSubstitutionTable.java:259)
	at org.apache.fontbox.ttf.GlyphSubstitutionTable.readLookupTable(GlyphSubstitutionTable.java:313)
	at org.apache.fontbox.ttf.GlyphSubstitutionTable.readLookupList(GlyphSubstitutionTable.java:247)
	at org.apache.fontbox.ttf.GlyphSubstitutionTable.read(GlyphSubstitutionTable.java:102)
	at org.apache.fontbox.ttf.TrueTypeFont.readTable(TrueTypeFont.java:365)
	at org.apache.fontbox.ttf.TTFParser.parseTables(TTFParser.java:165)
	at org.apache.fontbox.ttf.TTFParser.parse(TTFParser.java:144)
	at org.apache.fontbox.ttf.TTFParser.parse(TTFParser.java:66)
	at org.apache.pdfbox.pdmodel.font.FileSystemFontProvider.addTrueTypeFont(FileSystemFontProvider.java:692)
	at org.apache.pdfbox.pdmodel.font.FileSystemFontProvider.scanFonts(FileSystemFontProvider.java:392)
	at org.apache.pdfbox.pdmodel.font.FileSystemFontProvider.<init>(FileSystemFontProvider.java:367)
	at org.apache.pdfbox.pdmodel.font.FontMapperImpl$DefaultFontProvider.<clinit>(FontMapperImpl.java:139)
	at org.apache.pdfbox.pdmodel.font.FontMapperImpl.getProvider(FontMapperImpl.java:158)
	at org.apache.pdfbox.pdmodel.font.FontMapperImpl.findFont(FontMapperImpl.java:416)
	at org.apache.pdfbox.pdmodel.font.FontMapperImpl.findFontBoxFont(FontMapperImpl.java:379)
	at org.apache.pdfbox.pdmodel.font.FontMapperImpl.getFontBoxFont(FontMapperImpl.java:353)
	at org.apache.pdfbox.pdmodel.font.PDType1Font.<init>(PDType1Font.java:127)
	at edu.najah.cap.Export.PdfExporter.exportDataToPdf(PdfExporter.java:20)
	at edu.najah.cap.Export.UserProfileExporter.exportData(UserProfileExporter.java:26)
	at edu.najah.cap.Export.ExportService.exportData(ExportService.java:25)
	at edu.najah.cap.UserType.NewIUser.exportUserData(NewIUser.java:11)
	at edu.najah.cap.menu.SwitchMenu.menu(SwitchMenu.java:35)
	at edu.najah.cap.data.Application.main(Application.java:50)
2023-12-31 23:45:42 WARN  GlyphSubstitutionTable:372 - Unknown substFormat: 0
2023-12-31 23:45:42 WARN  GlyphSubstitutionTable:372 - Unknown substFormat: 256
2023-12-31 23:45:42 WARN  FileSystemFontProvider:698 - Could not load font file: /System/Library/Fonts/Supplemental/NotoSansPahawhHmong-Regular.ttf
java.io.EOFException
	at org.apache.fontbox.ttf.TTFDataStream.readUnsignedShort(TTFDataStream.java:154)
	at org.apache.fontbox.ttf.GlyphSubstitutionTable.readSingleLookupSubTable(GlyphSubstitutionTable.java:345)
	at org.apache.fontbox.ttf.GlyphSubstitutionTable.readLookupSubtable(GlyphSubstitutionTable.java:259)
	at org.apache.fontbox.ttf.GlyphSubstitutionTable.readLookupTable(GlyphSubstitutionTable.java:313)
	at org.apache.fontbox.ttf.GlyphSubstitutionTable.readLookupList(GlyphSubstitutionTable.java:247)
	at org.apache.fontbox.ttf.GlyphSubstitutionTable.read(GlyphSubstitutionTable.java:102)
	at org.apache.fontbox.ttf.TrueTypeFont.readTable(TrueTypeFont.java:365)
	at org.apache.fontbox.ttf.TTFParser.parseTables(TTFParser.java:165)
	at org.apache.fontbox.ttf.TTFParser.parse(TTFParser.java:144)
	at org.apache.fontbox.ttf.TTFParser.parse(TTFParser.java:66)
	at org.apache.pdfbox.pdmodel.font.FileSystemFontProvider.addTrueTypeFont(FileSystemFontProvider.java:692)
	at org.apache.pdfbox.pdmodel.font.FileSystemFontProvider.scanFonts(FileSystemFontProvider.java:392)
	at org.apache.pdfbox.pdmodel.font.FileSystemFontProvider.<init>(FileSystemFontProvider.java:367)
	at org.apache.pdfbox.pdmodel.font.FontMapperImpl$DefaultFontProvider.<clinit>(FontMapperImpl.java:139)
	at org.apache.pdfbox.pdmodel.font.FontMapperImpl.getProvider(FontMapperImpl.java:158)
	at org.apache.pdfbox.pdmodel.font.FontMapperImpl.findFont(FontMapperImpl.java:416)
	at org.apache.pdfbox.pdmodel.font.FontMapperImpl.findFontBoxFont(FontMapperImpl.java:379)
	at org.apache.pdfbox.pdmodel.font.FontMapperImpl.getFontBoxFont(FontMapperImpl.java:353)
	at org.apache.pdfbox.pdmodel.font.PDType1Font.<init>(PDType1Font.java:127)
	at edu.najah.cap.Export.PdfExporter.exportDataToPdf(PdfExporter.java:20)
	at edu.najah.cap.Export.UserProfileExporter.exportData(UserProfileExporter.java:26)
	at edu.najah.cap.Export.ExportService.exportData(ExportService.java:25)
	at edu.najah.cap.UserType.NewIUser.exportUserData(NewIUser.java:11)
	at edu.najah.cap.menu.SwitchMenu.menu(SwitchMenu.java:35)
	at edu.najah.cap.data.Application.main(Application.java:50)
2023-12-31 23:45:42 WARN  FileSystemFontProvider:698 - Could not load font file: /System/Library/Fonts/Supplemental/NotoSansMiao-Regular.ttf
java.io.EOFException
	at org.apache.fontbox.ttf.TTFDataStream.readUnsignedShort(TTFDataStream.java:154)
	at org.apache.fontbox.ttf.TTFDataStream.readUnsignedShortArray(TTFDataStream.java:188)
	at org.apache.fontbox.ttf.GlyphSubstitutionTable.readMultipleSubstitutionSubtable(GlyphSubstitutionTable.java:412)
	at org.apache.fontbox.ttf.GlyphSubstitutionTable.readLookupSubtable(GlyphSubstitutionTable.java:263)
	at org.apache.fontbox.ttf.GlyphSubstitutionTable.readLookupTable(GlyphSubstitutionTable.java:313)
	at org.apache.fontbox.ttf.GlyphSubstitutionTable.readLookupList(GlyphSubstitutionTable.java:247)
	at org.apache.fontbox.ttf.GlyphSubstitutionTable.read(GlyphSubstitutionTable.java:102)
	at org.apache.fontbox.ttf.TrueTypeFont.readTable(TrueTypeFont.java:365)
	at org.apache.fontbox.ttf.TTFParser.parseTables(TTFParser.java:165)
	at org.apache.fontbox.ttf.TTFParser.parse(TTFParser.java:144)
	at org.apache.fontbox.ttf.TTFParser.parse(TTFParser.java:66)
	at org.apache.pdfbox.pdmodel.font.FileSystemFontProvider.addTrueTypeFont(FileSystemFontProvider.java:692)
	at org.apache.pdfbox.pdmodel.font.FileSystemFontProvider.scanFonts(FileSystemFontProvider.java:392)
	at org.apache.pdfbox.pdmodel.font.FileSystemFontProvider.<init>(FileSystemFontProvider.java:367)
	at org.apache.pdfbox.pdmodel.font.FontMapperImpl$DefaultFontProvider.<clinit>(FontMapperImpl.java:139)
	at org.apache.pdfbox.pdmodel.font.FontMapperImpl.getProvider(FontMapperImpl.java:158)
	at org.apache.pdfbox.pdmodel.font.FontMapperImpl.findFont(FontMapperImpl.java:416)
	at org.apache.pdfbox.pdmodel.font.FontMapperImpl.findFontBoxFont(FontMapperImpl.java:379)
	at org.apache.pdfbox.pdmodel.font.FontMapperImpl.getFontBoxFont(FontMapperImpl.java:353)
	at org.apache.pdfbox.pdmodel.font.PDType1Font.<init>(PDType1Font.java:127)
	at edu.najah.cap.Export.PdfExporter.exportDataToPdf(PdfExporter.java:20)
	at edu.najah.cap.Export.UserProfileExporter.exportData(UserProfileExporter.java:26)
	at edu.najah.cap.Export.ExportService.exportData(ExportService.java:25)
	at edu.najah.cap.UserType.NewIUser.exportUserData(NewIUser.java:11)
	at edu.najah.cap.menu.SwitchMenu.menu(SwitchMenu.java:35)
	at edu.najah.cap.data.Application.main(Application.java:50)
2023-12-31 23:45:42 ERROR GlyphSubstitutionTable:325 - The expected SubstFormat for ExtensionSubstFormat1 subtable is 7 but should be 1
2023-12-31 23:45:42 ERROR GlyphSubstitutionTable:325 - The expected SubstFormat for ExtensionSubstFormat1 subtable is 6 but should be 1
2023-12-31 23:45:42 WARN  GlyphSubstitutionTable:372 - Unknown substFormat: 0
2023-12-31 23:45:42 WARN  GlyphSubstitutionTable:372 - Unknown substFormat: 256
2023-12-31 23:45:42 WARN  FileSystemFontProvider:698 - Could not load font file: /System/Library/Fonts/Supplemental/NotoSansRejang-Regular.ttf
java.io.EOFException
	at org.apache.fontbox.ttf.TTFDataStream.readUnsignedShort(TTFDataStream.java:154)
	at org.apache.fontbox.ttf.GlyphSubstitutionTable.readSingleLookupSubTable(GlyphSubstitutionTable.java:345)
	at org.apache.fontbox.ttf.GlyphSubstitutionTable.readLookupSubtable(GlyphSubstitutionTable.java:259)
	at org.apache.fontbox.ttf.GlyphSubstitutionTable.readLookupTable(GlyphSubstitutionTable.java:313)
	at org.apache.fontbox.ttf.GlyphSubstitutionTable.readLookupList(GlyphSubstitutionTable.java:247)
	at org.apache.fontbox.ttf.GlyphSubstitutionTable.read(GlyphSubstitutionTable.java:102)
	at org.apache.fontbox.ttf.TrueTypeFont.readTable(TrueTypeFont.java:365)
	at org.apache.fontbox.ttf.TTFParser.parseTables(TTFParser.java:165)
	at org.apache.fontbox.ttf.TTFParser.parse(TTFParser.java:144)
	at org.apache.fontbox.ttf.TTFParser.parse(TTFParser.java:66)
	at org.apache.pdfbox.pdmodel.font.FileSystemFontProvider.addTrueTypeFont(FileSystemFontProvider.java:692)
	at org.apache.pdfbox.pdmodel.font.FileSystemFontProvider.scanFonts(FileSystemFontProvider.java:392)
	at org.apache.pdfbox.pdmodel.font.FileSystemFontProvider.<init>(FileSystemFontProvider.java:367)
	at org.apache.pdfbox.pdmodel.font.FontMapperImpl$DefaultFontProvider.<clinit>(FontMapperImpl.java:139)
	at org.apache.pdfbox.pdmodel.font.FontMapperImpl.getProvider(FontMapperImpl.java:158)
	at org.apache.pdfbox.pdmodel.font.FontMapperImpl.findFont(FontMapperImpl.java:416)
	at org.apache.pdfbox.pdmodel.font.FontMapperImpl.findFontBoxFont(FontMapperImpl.java:379)
	at org.apache.pdfbox.pdmodel.font.FontMapperImpl.getFontBoxFont(FontMapperImpl.java:353)
	at org.apache.pdfbox.pdmodel.font.PDType1Font.<init>(PDType1Font.java:127)
	at edu.najah.cap.Export.PdfExporter.exportDataToPdf(PdfExporter.java:20)
	at edu.najah.cap.Export.UserProfileExporter.exportData(UserProfileExporter.java:26)
	at edu.najah.cap.Export.ExportService.exportData(ExportService.java:25)
	at edu.najah.cap.UserType.NewIUser.exportUserData(NewIUser.java:11)
	at edu.najah.cap.menu.SwitchMenu.menu(SwitchMenu.java:35)
	at edu.najah.cap.data.Application.main(Application.java:50)
2023-12-31 23:45:42 WARN  FileSystemFontProvider:698 - Could not load font file: /System/Library/Fonts/Supplemental/NISC18030.ttf
java.io.IOException: 'head' table is mandatory
	at org.apache.fontbox.ttf.TTFParser.parseTables(TTFParser.java:176)
	at org.apache.fontbox.ttf.TTFParser.parse(TTFParser.java:144)
	at org.apache.fontbox.ttf.TTFParser.parse(TTFParser.java:66)
	at org.apache.pdfbox.pdmodel.font.FileSystemFontProvider.addTrueTypeFont(FileSystemFontProvider.java:692)
	at org.apache.pdfbox.pdmodel.font.FileSystemFontProvider.scanFonts(FileSystemFontProvider.java:392)
	at org.apache.pdfbox.pdmodel.font.FileSystemFontProvider.<init>(FileSystemFontProvider.java:367)
	at org.apache.pdfbox.pdmodel.font.FontMapperImpl$DefaultFontProvider.<clinit>(FontMapperImpl.java:139)
	at org.apache.pdfbox.pdmodel.font.FontMapperImpl.getProvider(FontMapperImpl.java:158)
	at org.apache.pdfbox.pdmodel.font.FontMapperImpl.findFont(FontMapperImpl.java:416)
	at org.apache.pdfbox.pdmodel.font.FontMapperImpl.findFontBoxFont(FontMapperImpl.java:379)
	at org.apache.pdfbox.pdmodel.font.FontMapperImpl.getFontBoxFont(FontMapperImpl.java:353)
	at org.apache.pdfbox.pdmodel.font.PDType1Font.<init>(PDType1Font.java:127)
	at edu.najah.cap.Export.PdfExporter.exportDataToPdf(PdfExporter.java:20)
	at edu.najah.cap.Export.UserProfileExporter.exportData(UserProfileExporter.java:26)
	at edu.najah.cap.Export.ExportService.exportData(ExportService.java:25)
	at edu.najah.cap.UserType.NewIUser.exportUserData(NewIUser.java:11)
	at edu.najah.cap.menu.SwitchMenu.menu(SwitchMenu.java:35)
	at edu.najah.cap.data.Application.main(Application.java:50)
2023-12-31 23:45:43 WARN  GlyphSubstitutionTable:372 - Unknown substFormat: 0
2023-12-31 23:45:43 WARN  GlyphSubstitutionTable:372 - Unknown substFormat: 0
2023-12-31 23:45:43 WARN  FileSystemFontProvider:698 - Could not load font file: /System/Library/Fonts/Supplemental/NotoSansBamum-Regular.ttf
java.io.EOFException
	at org.apache.fontbox.ttf.TTFDataStream.readUnsignedShort(TTFDataStream.java:154)
	at org.apache.fontbox.ttf.GlyphSubstitutionTable.readSingleLookupSubTable(GlyphSubstitutionTable.java:345)
	at org.apache.fontbox.ttf.GlyphSubstitutionTable.readLookupSubtable(GlyphSubstitutionTable.java:259)
	at org.apache.fontbox.ttf.GlyphSubstitutionTable.readLookupTable(GlyphSubstitutionTable.java:313)
	at org.apache.fontbox.ttf.GlyphSubstitutionTable.readLookupList(GlyphSubstitutionTable.java:247)
	at org.apache.fontbox.ttf.GlyphSubstitutionTable.read(GlyphSubstitutionTable.java:102)
	at org.apache.fontbox.ttf.TrueTypeFont.readTable(TrueTypeFont.java:365)
	at org.apache.fontbox.ttf.TTFParser.parseTables(TTFParser.java:165)
	at org.apache.fontbox.ttf.TTFParser.parse(TTFParser.java:144)
	at org.apache.fontbox.ttf.TTFParser.parse(TTFParser.java:66)
	at org.apache.pdfbox.pdmodel.font.FileSystemFontProvider.addTrueTypeFont(FileSystemFontProvider.java:692)
	at org.apache.pdfbox.pdmodel.font.FileSystemFontProvider.scanFonts(FileSystemFontProvider.java:392)
	at org.apache.pdfbox.pdmodel.font.FileSystemFontProvider.<init>(FileSystemFontProvider.java:367)
	at org.apache.pdfbox.pdmodel.font.FontMapperImpl$DefaultFontProvider.<clinit>(FontMapperImpl.java:139)
	at org.apache.pdfbox.pdmodel.font.FontMapperImpl.getProvider(FontMapperImpl.java:158)
	at org.apache.pdfbox.pdmodel.font.FontMapperImpl.findFont(FontMapperImpl.java:416)
	at org.apache.pdfbox.pdmodel.font.FontMapperImpl.findFontBoxFont(FontMapperImpl.java:379)
	at org.apache.pdfbox.pdmodel.font.FontMapperImpl.getFontBoxFont(FontMapperImpl.java:353)
	at org.apache.pdfbox.pdmodel.font.PDType1Font.<init>(PDType1Font.java:127)
	at edu.najah.cap.Export.PdfExporter.exportDataToPdf(PdfExporter.java:20)
	at edu.najah.cap.Export.UserProfileExporter.exportData(UserProfileExporter.java:26)
	at edu.najah.cap.Export.ExportService.exportData(ExportService.java:25)
	at edu.najah.cap.UserType.NewIUser.exportUserData(NewIUser.java:11)
	at edu.najah.cap.menu.SwitchMenu.menu(SwitchMenu.java:35)
	at edu.najah.cap.data.Application.main(Application.java:50)
2023-12-31 23:45:43 WARN  GlyphSubstitutionTable:372 - Unknown substFormat: 0
2023-12-31 23:45:43 WARN  GlyphSubstitutionTable:372 - Unknown substFormat: 0
2023-12-31 23:45:43 WARN  FileSystemFontProvider:698 - Could not load font file: /System/Library/Fonts/Supplemental/NotoSansGlagolitic-Regular.ttf
java.io.EOFException
	at org.apache.fontbox.ttf.TTFDataStream.readUnsignedShort(TTFDataStream.java:154)
	at org.apache.fontbox.ttf.GlyphSubstitutionTable.readSingleLookupSubTable(GlyphSubstitutionTable.java:345)
	at org.apache.fontbox.ttf.GlyphSubstitutionTable.readLookupSubtable(GlyphSubstitutionTable.java:259)
	at org.apache.fontbox.ttf.GlyphSubstitutionTable.readLookupTable(GlyphSubstitutionTable.java:313)
	at org.apache.fontbox.ttf.GlyphSubstitutionTable.readLookupList(GlyphSubstitutionTable.java:247)
	at org.apache.fontbox.ttf.GlyphSubstitutionTable.read(GlyphSubstitutionTable.java:102)
	at org.apache.fontbox.ttf.TrueTypeFont.readTable(TrueTypeFont.java:365)
	at org.apache.fontbox.ttf.TTFParser.parseTables(TTFParser.java:165)
	at org.apache.fontbox.ttf.TTFParser.parse(TTFParser.java:144)
	at org.apache.fontbox.ttf.TTFParser.parse(TTFParser.java:66)
	at org.apache.pdfbox.pdmodel.font.FileSystemFontProvider.addTrueTypeFont(FileSystemFontProvider.java:692)
	at org.apache.pdfbox.pdmodel.font.FileSystemFontProvider.scanFonts(FileSystemFontProvider.java:392)
	at org.apache.pdfbox.pdmodel.font.FileSystemFontProvider.<init>(FileSystemFontProvider.java:367)
	at org.apache.pdfbox.pdmodel.font.FontMapperImpl$DefaultFontProvider.<clinit>(FontMapperImpl.java:139)
	at org.apache.pdfbox.pdmodel.font.FontMapperImpl.getProvider(FontMapperImpl.java:158)
	at org.apache.pdfbox.pdmodel.font.FontMapperImpl.findFont(FontMapperImpl.java:416)
	at org.apache.pdfbox.pdmodel.font.FontMapperImpl.findFontBoxFont(FontMapperImpl.java:379)
	at org.apache.pdfbox.pdmodel.font.FontMapperImpl.getFontBoxFont(FontMapperImpl.java:353)
	at org.apache.pdfbox.pdmodel.font.PDType1Font.<init>(PDType1Font.java:127)
	at edu.najah.cap.Export.PdfExporter.exportDataToPdf(PdfExporter.java:20)
	at edu.najah.cap.Export.UserProfileExporter.exportData(UserProfileExporter.java:26)
	at edu.najah.cap.Export.ExportService.exportData(ExportService.java:25)
	at edu.najah.cap.UserType.NewIUser.exportUserData(NewIUser.java:11)
	at edu.najah.cap.menu.SwitchMenu.menu(SwitchMenu.java:35)
	at edu.najah.cap.data.Application.main(Application.java:50)
2023-12-31 23:45:43 WARN  GlyphSubstitutionTable:372 - Unknown substFormat: 0
2023-12-31 23:45:43 WARN  GlyphSubstitutionTable:372 - Unknown substFormat: 256
2023-12-31 23:45:43 WARN  FileSystemFontProvider:698 - Could not load font file: /System/Library/Fonts/Supplemental/NotoSansTagbanwa-Regular.ttf
java.io.EOFException
	at org.apache.fontbox.ttf.TTFDataStream.readUnsignedShort(TTFDataStream.java:154)
	at org.apache.fontbox.ttf.GlyphSubstitutionTable.readSingleLookupSubTable(GlyphSubstitutionTable.java:345)
	at org.apache.fontbox.ttf.GlyphSubstitutionTable.readLookupSubtable(GlyphSubstitutionTable.java:259)
	at org.apache.fontbox.ttf.GlyphSubstitutionTable.readLookupTable(GlyphSubstitutionTable.java:313)
	at org.apache.fontbox.ttf.GlyphSubstitutionTable.readLookupList(GlyphSubstitutionTable.java:247)
	at org.apache.fontbox.ttf.GlyphSubstitutionTable.read(GlyphSubstitutionTable.java:102)
	at org.apache.fontbox.ttf.TrueTypeFont.readTable(TrueTypeFont.java:365)
	at org.apache.fontbox.ttf.TTFParser.parseTables(TTFParser.java:165)
	at org.apache.fontbox.ttf.TTFParser.parse(TTFParser.java:144)
	at org.apache.fontbox.ttf.TTFParser.parse(TTFParser.java:66)
	at org.apache.pdfbox.pdmodel.font.FileSystemFontProvider.addTrueTypeFont(FileSystemFontProvider.java:692)
	at org.apache.pdfbox.pdmodel.font.FileSystemFontProvider.scanFonts(FileSystemFontProvider.java:392)
	at org.apache.pdfbox.pdmodel.font.FileSystemFontProvider.<init>(FileSystemFontProvider.java:367)
	at org.apache.pdfbox.pdmodel.font.FontMapperImpl$DefaultFontProvider.<clinit>(FontMapperImpl.java:139)
	at org.apache.pdfbox.pdmodel.font.FontMapperImpl.getProvider(FontMapperImpl.java:158)
	at org.apache.pdfbox.pdmodel.font.FontMapperImpl.findFont(FontMapperImpl.java:416)
	at org.apache.pdfbox.pdmodel.font.FontMapperImpl.findFontBoxFont(FontMapperImpl.java:379)
	at org.apache.pdfbox.pdmodel.font.FontMapperImpl.getFontBoxFont(FontMapperImpl.java:353)
	at org.apache.pdfbox.pdmodel.font.PDType1Font.<init>(PDType1Font.java:127)
	at edu.najah.cap.Export.PdfExporter.exportDataToPdf(PdfExporter.java:20)
	at edu.najah.cap.Export.UserProfileExporter.exportData(UserProfileExporter.java:26)
	at edu.najah.cap.Export.ExportService.exportData(ExportService.java:25)
	at edu.najah.cap.UserType.NewIUser.exportUserData(NewIUser.java:11)
	at edu.najah.cap.menu.SwitchMenu.menu(SwitchMenu.java:35)
	at edu.najah.cap.data.Application.main(Application.java:50)
2023-12-31 23:45:43 WARN  GlyphSubstitutionTable:372 - Unknown substFormat: 0
2023-12-31 23:45:43 WARN  GlyphSubstitutionTable:372 - Unknown substFormat: 256
2023-12-31 23:45:43 WARN  FileSystemFontProvider:698 - Could not load font file: /System/Library/Fonts/Supplemental/NotoSansTagalog-Regular.ttf
java.io.EOFException
	at org.apache.fontbox.ttf.TTFDataStream.readUnsignedShort(TTFDataStream.java:154)
	at org.apache.fontbox.ttf.GlyphSubstitutionTable.readSingleLookupSubTable(GlyphSubstitutionTable.java:345)
	at org.apache.fontbox.ttf.GlyphSubstitutionTable.readLookupSubtable(GlyphSubstitutionTable.java:259)
	at org.apache.fontbox.ttf.GlyphSubstitutionTable.readLookupTable(GlyphSubstitutionTable.java:313)
	at org.apache.fontbox.ttf.GlyphSubstitutionTable.readLookupList(GlyphSubstitutionTable.java:247)
	at org.apache.fontbox.ttf.GlyphSubstitutionTable.read(GlyphSubstitutionTable.java:102)
	at org.apache.fontbox.ttf.TrueTypeFont.readTable(TrueTypeFont.java:365)
	at org.apache.fontbox.ttf.TTFParser.parseTables(TTFParser.java:165)
	at org.apache.fontbox.ttf.TTFParser.parse(TTFParser.java:144)
	at org.apache.fontbox.ttf.TTFParser.parse(TTFParser.java:66)
	at org.apache.pdfbox.pdmodel.font.FileSystemFontProvider.addTrueTypeFont(FileSystemFontProvider.java:692)
	at org.apache.pdfbox.pdmodel.font.FileSystemFontProvider.scanFonts(FileSystemFontProvider.java:392)
	at org.apache.pdfbox.pdmodel.font.FileSystemFontProvider.<init>(FileSystemFontProvider.java:367)
	at org.apache.pdfbox.pdmodel.font.FontMapperImpl$DefaultFontProvider.<clinit>(FontMapperImpl.java:139)
	at org.apache.pdfbox.pdmodel.font.FontMapperImpl.getProvider(FontMapperImpl.java:158)
	at org.apache.pdfbox.pdmodel.font.FontMapperImpl.findFont(FontMapperImpl.java:416)
	at org.apache.pdfbox.pdmodel.font.FontMapperImpl.findFontBoxFont(FontMapperImpl.java:379)
	at org.apache.pdfbox.pdmodel.font.FontMapperImpl.getFontBoxFont(FontMapperImpl.java:353)
	at org.apache.pdfbox.pdmodel.font.PDType1Font.<init>(PDType1Font.java:127)
	at edu.najah.cap.Export.PdfExporter.exportDataToPdf(PdfExporter.java:20)
	at edu.najah.cap.Export.UserProfileExporter.exportData(UserProfileExporter.java:26)
	at edu.najah.cap.Export.ExportService.exportData(ExportService.java:25)
	at edu.najah.cap.UserType.NewIUser.exportUserData(NewIUser.java:11)
	at edu.najah.cap.menu.SwitchMenu.menu(SwitchMenu.java:35)
	at edu.najah.cap.data.Application.main(Application.java:50)
2023-12-31 23:45:43 WARN  FileSystemFontProvider:698 - Could not load font file: /System/Library/Fonts/Supplemental/NotoSansSharada-Regular.ttf
java.io.EOFException
	at org.apache.fontbox.ttf.TTFDataStream.readUnsignedShort(TTFDataStream.java:154)
	at org.apache.fontbox.ttf.TTFDataStream.readUnsignedShortArray(TTFDataStream.java:188)
	at org.apache.fontbox.ttf.GlyphSubstitutionTable.readMultipleSubstitutionSubtable(GlyphSubstitutionTable.java:412)
	at org.apache.fontbox.ttf.GlyphSubstitutionTable.readLookupSubtable(GlyphSubstitutionTable.java:263)
	at org.apache.fontbox.ttf.GlyphSubstitutionTable.readLookupTable(GlyphSubstitutionTable.java:313)
	at org.apache.fontbox.ttf.GlyphSubstitutionTable.readLookupList(GlyphSubstitutionTable.java:247)
	at org.apache.fontbox.ttf.GlyphSubstitutionTable.read(GlyphSubstitutionTable.java:102)
	at org.apache.fontbox.ttf.TrueTypeFont.readTable(TrueTypeFont.java:365)
	at org.apache.fontbox.ttf.TTFParser.parseTables(TTFParser.java:165)
	at org.apache.fontbox.ttf.TTFParser.parse(TTFParser.java:144)
	at org.apache.fontbox.ttf.TTFParser.parse(TTFParser.java:66)
	at org.apache.pdfbox.pdmodel.font.FileSystemFontProvider.addTrueTypeFont(FileSystemFontProvider.java:692)
	at org.apache.pdfbox.pdmodel.font.FileSystemFontProvider.scanFonts(FileSystemFontProvider.java:392)
	at org.apache.pdfbox.pdmodel.font.FileSystemFontProvider.<init>(FileSystemFontProvider.java:367)
	at org.apache.pdfbox.pdmodel.font.FontMapperImpl$DefaultFontProvider.<clinit>(FontMapperImpl.java:139)
	at org.apache.pdfbox.pdmodel.font.FontMapperImpl.getProvider(FontMapperImpl.java:158)
	at org.apache.pdfbox.pdmodel.font.FontMapperImpl.findFont(FontMapperImpl.java:416)
	at org.apache.pdfbox.pdmodel.font.FontMapperImpl.findFontBoxFont(FontMapperImpl.java:379)
	at org.apache.pdfbox.pdmodel.font.FontMapperImpl.getFontBoxFont(FontMapperImpl.java:353)
	at org.apache.pdfbox.pdmodel.font.PDType1Font.<init>(PDType1Font.java:127)
	at edu.najah.cap.Export.PdfExporter.exportDataToPdf(PdfExporter.java:20)
	at edu.najah.cap.Export.UserProfileExporter.exportData(UserProfileExporter.java:26)
	at edu.najah.cap.Export.ExportService.exportData(ExportService.java:25)
	at edu.najah.cap.UserType.NewIUser.exportUserData(NewIUser.java:11)
	at edu.najah.cap.menu.SwitchMenu.menu(SwitchMenu.java:35)
	at edu.najah.cap.data.Application.main(Application.java:50)
2023-12-31 23:45:43 WARN  FileSystemFontProvider:698 - Could not load font file: /System/Library/Fonts/Supplemental/NotoSansPauCinHau-Regular.ttf
java.io.EOFException
	at org.apache.fontbox.ttf.TTFDataStream.readUnsignedShort(TTFDataStream.java:154)
	at org.apache.fontbox.ttf.GlyphSubstitutionTable.readLookupTable(GlyphSubstitutionTable.java:293)
	at org.apache.fontbox.ttf.GlyphSubstitutionTable.readLookupList(GlyphSubstitutionTable.java:247)
	at org.apache.fontbox.ttf.GlyphSubstitutionTable.read(GlyphSubstitutionTable.java:102)
	at org.apache.fontbox.ttf.TrueTypeFont.readTable(TrueTypeFont.java:365)
	at org.apache.fontbox.ttf.TTFParser.parseTables(TTFParser.java:165)
	at org.apache.fontbox.ttf.TTFParser.parse(TTFParser.java:144)
	at org.apache.fontbox.ttf.TTFParser.parse(TTFParser.java:66)
	at org.apache.pdfbox.pdmodel.font.FileSystemFontProvider.addTrueTypeFont(FileSystemFontProvider.java:692)
	at org.apache.pdfbox.pdmodel.font.FileSystemFontProvider.scanFonts(FileSystemFontProvider.java:392)
	at org.apache.pdfbox.pdmodel.font.FileSystemFontProvider.<init>(FileSystemFontProvider.java:367)
	at org.apache.pdfbox.pdmodel.font.FontMapperImpl$DefaultFontProvider.<clinit>(FontMapperImpl.java:139)
	at org.apache.pdfbox.pdmodel.font.FontMapperImpl.getProvider(FontMapperImpl.java:158)
	at org.apache.pdfbox.pdmodel.font.FontMapperImpl.findFont(FontMapperImpl.java:416)
	at org.apache.pdfbox.pdmodel.font.FontMapperImpl.findFontBoxFont(FontMapperImpl.java:379)
	at org.apache.pdfbox.pdmodel.font.FontMapperImpl.getFontBoxFont(FontMapperImpl.java:353)
	at org.apache.pdfbox.pdmodel.font.PDType1Font.<init>(PDType1Font.java:127)
	at edu.najah.cap.Export.PdfExporter.exportDataToPdf(PdfExporter.java:20)
	at edu.najah.cap.Export.UserProfileExporter.exportData(UserProfileExporter.java:26)
	at edu.najah.cap.Export.ExportService.exportData(ExportService.java:25)
	at edu.najah.cap.UserType.NewIUser.exportUserData(NewIUser.java:11)
	at edu.najah.cap.menu.SwitchMenu.menu(SwitchMenu.java:35)
	at edu.najah.cap.data.Application.main(Application.java:50)
2023-12-31 23:45:43 WARN  GlyphSubstitutionTable:372 - Unknown substFormat: 0
2023-12-31 23:45:43 WARN  GlyphSubstitutionTable:372 - Unknown substFormat: 256
2023-12-31 23:45:43 WARN  FileSystemFontProvider:698 - Could not load font file: /System/Library/Fonts/Supplemental/NotoSansTaiViet-Regular.ttf
java.io.EOFException
	at org.apache.fontbox.ttf.TTFDataStream.readUnsignedShort(TTFDataStream.java:154)
	at org.apache.fontbox.ttf.GlyphSubstitutionTable.readSingleLookupSubTable(GlyphSubstitutionTable.java:345)
	at org.apache.fontbox.ttf.GlyphSubstitutionTable.readLookupSubtable(GlyphSubstitutionTable.java:259)
	at org.apache.fontbox.ttf.GlyphSubstitutionTable.readLookupTable(GlyphSubstitutionTable.java:313)
	at org.apache.fontbox.ttf.GlyphSubstitutionTable.readLookupList(GlyphSubstitutionTable.java:247)
	at org.apache.fontbox.ttf.GlyphSubstitutionTable.read(GlyphSubstitutionTable.java:102)
	at org.apache.fontbox.ttf.TrueTypeFont.readTable(TrueTypeFont.java:365)
	at org.apache.fontbox.ttf.TTFParser.parseTables(TTFParser.java:165)
	at org.apache.fontbox.ttf.TTFParser.parse(TTFParser.java:144)
	at org.apache.fontbox.ttf.TTFParser.parse(TTFParser.java:66)
	at org.apache.pdfbox.pdmodel.font.FileSystemFontProvider.addTrueTypeFont(FileSystemFontProvider.java:692)
	at org.apache.pdfbox.pdmodel.font.FileSystemFontProvider.scanFonts(FileSystemFontProvider.java:392)
	at org.apache.pdfbox.pdmodel.font.FileSystemFontProvider.<init>(FileSystemFontProvider.java:367)
	at org.apache.pdfbox.pdmodel.font.FontMapperImpl$DefaultFontProvider.<clinit>(FontMapperImpl.java:139)
	at org.apache.pdfbox.pdmodel.font.FontMapperImpl.getProvider(FontMapperImpl.java:158)
	at org.apache.pdfbox.pdmodel.font.FontMapperImpl.findFont(FontMapperImpl.java:416)
	at org.apache.pdfbox.pdmodel.font.FontMapperImpl.findFontBoxFont(FontMapperImpl.java:379)
	at org.apache.pdfbox.pdmodel.font.FontMapperImpl.getFontBoxFont(FontMapperImpl.java:353)
	at org.apache.pdfbox.pdmodel.font.PDType1Font.<init>(PDType1Font.java:127)
	at edu.najah.cap.Export.PdfExporter.exportDataToPdf(PdfExporter.java:20)
	at edu.najah.cap.Export.UserProfileExporter.exportData(UserProfileExporter.java:26)
	at edu.najah.cap.Export.ExportService.exportData(ExportService.java:25)
	at edu.najah.cap.UserType.NewIUser.exportUserData(NewIUser.java:11)
	at edu.najah.cap.menu.SwitchMenu.menu(SwitchMenu.java:35)
	at edu.najah.cap.data.Application.main(Application.java:50)
2023-12-31 23:45:43 WARN  FileSystemFontProvider:698 - Could not load font file: /System/Library/Fonts/Supplemental/NotoSansOldPermic-Regular.ttf
java.io.EOFException
	at org.apache.fontbox.ttf.TTFDataStream.readUnsignedShort(TTFDataStream.java:154)
	at org.apache.fontbox.ttf.GlyphSubstitutionTable.readLookupTable(GlyphSubstitutionTable.java:293)
	at org.apache.fontbox.ttf.GlyphSubstitutionTable.readLookupList(GlyphSubstitutionTable.java:247)
	at org.apache.fontbox.ttf.GlyphSubstitutionTable.read(GlyphSubstitutionTable.java:102)
	at org.apache.fontbox.ttf.TrueTypeFont.readTable(TrueTypeFont.java:365)
	at org.apache.fontbox.ttf.TTFParser.parseTables(TTFParser.java:165)
	at org.apache.fontbox.ttf.TTFParser.parse(TTFParser.java:144)
	at org.apache.fontbox.ttf.TTFParser.parse(TTFParser.java:66)
	at org.apache.pdfbox.pdmodel.font.FileSystemFontProvider.addTrueTypeFont(FileSystemFontProvider.java:692)
	at org.apache.pdfbox.pdmodel.font.FileSystemFontProvider.scanFonts(FileSystemFontProvider.java:392)
	at org.apache.pdfbox.pdmodel.font.FileSystemFontProvider.<init>(FileSystemFontProvider.java:367)
	at org.apache.pdfbox.pdmodel.font.FontMapperImpl$DefaultFontProvider.<clinit>(FontMapperImpl.java:139)
	at org.apache.pdfbox.pdmodel.font.FontMapperImpl.getProvider(FontMapperImpl.java:158)
	at org.apache.pdfbox.pdmodel.font.FontMapperImpl.findFont(FontMapperImpl.java:416)
	at org.apache.pdfbox.pdmodel.font.FontMapperImpl.findFontBoxFont(FontMapperImpl.java:379)
	at org.apache.pdfbox.pdmodel.font.FontMapperImpl.getFontBoxFont(FontMapperImpl.java:353)
	at org.apache.pdfbox.pdmodel.font.PDType1Font.<init>(PDType1Font.java:127)
	at edu.najah.cap.Export.PdfExporter.exportDataToPdf(PdfExporter.java:20)
	at edu.najah.cap.Export.UserProfileExporter.exportData(UserProfileExporter.java:26)
	at edu.najah.cap.Export.ExportService.exportData(ExportService.java:25)
	at edu.najah.cap.UserType.NewIUser.exportUserData(NewIUser.java:11)
	at edu.najah.cap.menu.SwitchMenu.menu(SwitchMenu.java:35)
	at edu.najah.cap.data.Application.main(Application.java:50)
2023-12-31 23:45:44 WARN  CmapSubtable:358 - Format 14 cmap table is not supported and will be ignored
2023-12-31 23:45:44 WARN  CmapSubtable:358 - Format 14 cmap table is not supported and will be ignored
2023-12-31 23:45:45 ERROR GlyphSubstitutionTable:325 - The expected SubstFormat for ExtensionSubstFormat1 subtable is 4 but should be 1
2023-12-31 23:45:45 ERROR GlyphSubstitutionTable:325 - The expected SubstFormat for ExtensionSubstFormat1 subtable is 0 but should be 1
2023-12-31 23:45:45 WARN  CmapSubtable:358 - Format 14 cmap table is not supported and will be ignored
2023-12-31 23:45:45 WARN  CmapSubtable:358 - Format 14 cmap table is not supported and will be ignored
2023-12-31 23:45:45 WARN  CmapSubtable:358 - Format 14 cmap table is not supported and will be ignored
2023-12-31 23:45:45 WARN  CmapSubtable:358 - Format 14 cmap table is not supported and will be ignored
2023-12-31 23:45:45 ERROR GlyphSubstitutionTable:325 - The expected SubstFormat for ExtensionSubstFormat1 subtable is 4 but should be 1
2023-12-31 23:45:45 ERROR GlyphSubstitutionTable:325 - The expected SubstFormat for ExtensionSubstFormat1 subtable is 0 but should be 1
2023-12-31 23:45:45 WARN  CmapSubtable:358 - Format 14 cmap table is not supported and will be ignored
2023-12-31 23:45:45 WARN  CmapSubtable:358 - Format 14 cmap table is not supported and will be ignored
2023-12-31 23:45:45 WARN  FileSystemFontProvider:669 - Could not load font file: /System/Library/Fonts/NotoSansKannada.ttc
java.io.EOFException
	at org.apache.fontbox.ttf.TTFDataStream.readUnsignedShort(TTFDataStream.java:154)
	at org.apache.fontbox.ttf.TTFDataStream.readUnsignedShortArray(TTFDataStream.java:188)
	at org.apache.fontbox.ttf.GlyphSubstitutionTable.readMultipleSubstitutionSubtable(GlyphSubstitutionTable.java:412)
	at org.apache.fontbox.ttf.GlyphSubstitutionTable.readLookupSubtable(GlyphSubstitutionTable.java:263)
	at org.apache.fontbox.ttf.GlyphSubstitutionTable.readLookupTable(GlyphSubstitutionTable.java:313)
	at org.apache.fontbox.ttf.GlyphSubstitutionTable.readLookupList(GlyphSubstitutionTable.java:247)
	at org.apache.fontbox.ttf.GlyphSubstitutionTable.read(GlyphSubstitutionTable.java:102)
	at org.apache.fontbox.ttf.TrueTypeFont.readTable(TrueTypeFont.java:365)
	at org.apache.fontbox.ttf.TTFParser.parseTables(TTFParser.java:165)
	at org.apache.fontbox.ttf.TTFParser.parse(TTFParser.java:144)
	at org.apache.fontbox.ttf.TrueTypeCollection.getFontAtIndex(TrueTypeCollection.java:127)
	at org.apache.fontbox.ttf.TrueTypeCollection.processAllFonts(TrueTypeCollection.java:109)
	at org.apache.pdfbox.pdmodel.font.FileSystemFontProvider.addTrueTypeCollection(FileSystemFontProvider.java:665)
	at org.apache.pdfbox.pdmodel.font.FileSystemFontProvider.scanFonts(FileSystemFontProvider.java:396)
	at org.apache.pdfbox.pdmodel.font.FileSystemFontProvider.<init>(FileSystemFontProvider.java:367)
	at org.apache.pdfbox.pdmodel.font.FontMapperImpl$DefaultFontProvider.<clinit>(FontMapperImpl.java:139)
	at org.apache.pdfbox.pdmodel.font.FontMapperImpl.getProvider(FontMapperImpl.java:158)
	at org.apache.pdfbox.pdmodel.font.FontMapperImpl.findFont(FontMapperImpl.java:416)
	at org.apache.pdfbox.pdmodel.font.FontMapperImpl.findFontBoxFont(FontMapperImpl.java:379)
	at org.apache.pdfbox.pdmodel.font.FontMapperImpl.getFontBoxFont(FontMapperImpl.java:353)
	at org.apache.pdfbox.pdmodel.font.PDType1Font.<init>(PDType1Font.java:127)
	at edu.najah.cap.Export.PdfExporter.exportDataToPdf(PdfExporter.java:20)
	at edu.najah.cap.Export.UserProfileExporter.exportData(UserProfileExporter.java:26)
	at edu.najah.cap.Export.ExportService.exportData(ExportService.java:25)
	at edu.najah.cap.UserType.NewIUser.exportUserData(NewIUser.java:11)
	at edu.najah.cap.menu.SwitchMenu.menu(SwitchMenu.java:35)
	at edu.najah.cap.data.Application.main(Application.java:50)
2023-12-31 23:45:45 WARN  CmapSubtable:358 - Format 14 cmap table is not supported and will be ignored
2023-12-31 23:45:45 WARN  CmapSubtable:358 - Format 14 cmap table is not supported and will be ignored
2023-12-31 23:45:45 WARN  CmapSubtable:358 - Format 14 cmap table is not supported and will be ignored
2023-12-31 23:45:45 WARN  CmapSubtable:358 - Format 14 cmap table is not supported and will be ignored
2023-12-31 23:45:45 WARN  CmapSubtable:358 - Format 14 cmap table is not supported and will be ignored
2023-12-31 23:45:45 WARN  CmapSubtable:358 - Format 14 cmap table is not supported and will be ignored
2023-12-31 23:45:45 WARN  CmapSubtable:358 - Format 14 cmap table is not supported and will be ignored
2023-12-31 23:45:45 WARN  CmapSubtable:358 - Format 14 cmap table is not supported and will be ignored
2023-12-31 23:45:46 WARN  CmapSubtable:358 - Format 14 cmap table is not supported and will be ignored
2023-12-31 23:45:46 WARN  CmapSubtable:358 - Format 14 cmap table is not supported and will be ignored
2023-12-31 23:45:46 WARN  CmapSubtable:358 - Format 14 cmap table is not supported and will be ignored
2023-12-31 23:45:46 ERROR GlyphSubstitutionTable:325 - The expected SubstFormat for ExtensionSubstFormat1 subtable is 4 but should be 1
2023-12-31 23:45:46 ERROR GlyphSubstitutionTable:325 - The expected SubstFormat for ExtensionSubstFormat1 subtable is 0 but should be 1
2023-12-31 23:45:46 WARN  FileSystemFontProvider:369 - Finished building on-disk font cache, found 758 fonts
2023-12-31 23:45:46 WARN  PDDocument:977 - You are overwriting the existing file UserProfileForNEW_USER_user1.pdf, this will produce a corrupted file if you're also reading from it
2023-12-31 23:45:46 WARN  PDDocument:977 - You are overwriting the existing file PostForNEW_USER_user1.pdf, this will produce a corrupted file if you're also reading from it
2023-12-31 23:45:47 INFO  Application:51 - Performed menu option: 1
2023-12-31 23:45:53 INFO  SwitchMenu:44 - if you need to Soft delete Click 1 and if you need to hard delete Click 2 
2023-12-31 23:45:57 ERROR SwitchMenu:70 - Error while soft deleting user
edu.najah.cap.exceptions.SystemBusyException: Something went wrong
	at edu.najah.cap.exceptions.Util.validateUserName(Util.java:23)
	at edu.najah.cap.iam.UserService.getUser(UserService.java:40)
	at edu.najah.cap.menu.SwitchMenu.menu(SwitchMenu.java:64)
	at edu.najah.cap.data.Application.main(Application.java:50)
2023-12-31 23:45:58 INFO  Application:51 - Performed menu option: 3
2023-12-31 23:47:04 INFO  SwitchMenu:44 - if you need to Soft delete Click 1 and if you need to hard delete Click 2 
